[2012-02-24 15:07:10] request.INFO: Matched route "story_show" (parameters: "_controller": "PDS\StoryBundle\Controller\StoryController::showAction", "id": "1", "_route": "story_show") [] []
[2012-02-24 15:07:10] request.CRITICAL: Symfony\Component\Form\Exception\FormException: Could not load type "entity_id" (uncaught exception) at Z:\home\localhost\www\pds\vendor\symfony\src\Symfony\Component\Form\FormFactory.php line 383 [] []
[2012-02-24 16:40:15] security.DEBUG: Read SecurityContext from the session [] []
[2012-02-24 16:40:15] security.DEBUG: Reloading user from user provider. [] []
[2012-02-24 16:40:15] security.DEBUG: Username "qwe" was reloaded from user provider. [] []
[2012-02-24 16:40:15] request.ERROR: Symfony\Component\HttpKernel\Exception\NotFoundHttpException: No route found for "GET /dev.php/story/1/show" (uncaught exception) at Z:\home\localhost\www\pds\app\cache\prod\classes.php line 4560 [] []
[2012-02-24 16:40:15] security.DEBUG: Write SecurityContext in the session [] []
[2012-02-24 16:40:25] security.DEBUG: Read SecurityContext from the session [] []
[2012-02-24 16:40:25] security.DEBUG: Reloading user from user provider. [] []
[2012-02-24 16:40:25] security.DEBUG: Username "qwe" was reloaded from user provider. [] []
[2012-02-24 16:40:25] request.ERROR: Symfony\Component\HttpKernel\Exception\NotFoundHttpException: No route found for "GET /story/1" (uncaught exception) at Z:\home\localhost\www\pds\app\cache\prod\classes.php line 4560 [] []
[2012-02-24 16:40:25] security.DEBUG: Write SecurityContext in the session [] []
[2012-02-24 16:40:27] security.DEBUG: Read SecurityContext from the session [] []
[2012-02-24 16:40:27] security.DEBUG: Reloading user from user provider. [] []
[2012-02-24 16:40:27] security.DEBUG: Username "qwe" was reloaded from user provider. [] []
[2012-02-24 16:40:27] request.ERROR: Symfony\Component\HttpKernel\Exception\NotFoundHttpException: No route found for "GET /story/1" (uncaught exception) at Z:\home\localhost\www\pds\app\cache\prod\classes.php line 4560 [] []
[2012-02-24 16:40:27] security.DEBUG: Write SecurityContext in the session [] []
[2012-02-24 16:43:48] security.DEBUG: Read SecurityContext from the session [] []
[2012-02-24 16:43:48] security.DEBUG: Reloading user from user provider. [] []
[2012-02-24 16:43:49] security.DEBUG: Username "qwe" was reloaded from user provider. [] []
[2012-02-24 16:43:49] request.ERROR: Symfony\Component\HttpKernel\Exception\NotFoundHttpException: No route found for "GET /2" (uncaught exception) at Z:\home\localhost\www\pds\app\cache\prod\classes.php line 4560 [] []
[2012-02-24 16:43:49] security.DEBUG: Write SecurityContext in the session [] []
[2012-02-24 16:43:52] security.DEBUG: Read SecurityContext from the session [] []
[2012-02-24 16:43:52] security.DEBUG: Reloading user from user provider. [] []
[2012-02-24 16:43:52] security.DEBUG: Username "qwe" was reloaded from user provider. [] []
[2012-02-24 16:43:52] request.ERROR: Symfony\Component\HttpKernel\Exception\NotFoundHttpException: No route found for "GET /2" (uncaught exception) at Z:\home\localhost\www\pds\app\cache\prod\classes.php line 4560 [] []
[2012-02-24 16:43:52] security.DEBUG: Write SecurityContext in the session [] []
[2012-02-29 15:32:07] security.DEBUG: Read SecurityContext from the session [] []
[2012-02-29 15:32:07] security.DEBUG: Reloading user from user provider. [] []
[2012-02-29 15:32:08] security.DEBUG: Username "qwe" was reloaded from user provider. [] []
[2012-02-29 15:32:08] request.ERROR: Symfony\Component\HttpKernel\Exception\NotFoundHttpException: No route found for "GET /2" (uncaught exception) at Z:\home\localhost\www\pds\app\cache\prod\classes.php line 4560 [] []
[2012-02-29 15:32:08] security.DEBUG: Write SecurityContext in the session [] []
